{"/Users/douglaswalker/dev/inchecksoftware/IncheckSoftware/src/hoc/index.js": {"path":"/Users/douglaswalker/dev/inchecksoftware/IncheckSoftware/src/hoc/index.js","statementMap":{"0":{"start":{"line":1,"column":42},"end":{"line":1,"column":97}},"1":{"start":{"line":1,"column":98},"end":{"line":1,"column":160}},"2":{"start":{"line":1,"column":160},"end":{"line":1,"column":276}},"3":{"start":{"line":1,"column":245},"end":{"line":1,"column":271}},"4":{"start":{"line":1,"column":293},"end":{"line":1,"column":339}}},"fnMap":{"0":{"name":"get","decl":{"start":{"line":1,"column":238},"end":{"line":1,"column":241}},"loc":{"start":{"line":1,"column":244},"end":{"line":1,"column":272}},"line":1}},"branchMap":{},"s":{"0":1,"1":1,"2":1,"3":1,"4":1},"f":{"0":1},"b":{},"inputSourceMap":null,"_coverageSchema":"1a1c01bbd47fc00a2c39e90264f33305004495a9","hash":"e7234c5e188ee03e9da9b7ad23b2b416d3b51c6c"}
,"/Users/douglaswalker/dev/inchecksoftware/IncheckSoftware/src/hoc/withStore.js": {"path":"/Users/douglaswalker/dev/inchecksoftware/IncheckSoftware/src/hoc/withStore.js","statementMap":{"0":{"start":{"line":1,"column":42},"end":{"line":1,"column":97}},"1":{"start":{"line":1,"column":98},"end":{"line":1,"column":160}},"2":{"start":{"line":1,"column":160},"end":{"line":1,"column":185}},"3":{"start":{"line":1,"column":201},"end":{"line":1,"column":266}},"4":{"start":{"line":1,"column":280},"end":{"line":1,"column":320}},"5":{"start":{"line":2,"column":13},"end":{"line":2,"column":56}},"6":{"start":{"line":3,"column":18},"end":{"line":3,"column":40}},"7":{"start":{"line":3,"column":53},"end":{"line":3,"column":57}},"8":{"start":{"line":3,"column":73},"end":{"line":3,"column":152}},"9":{"start":{"line":5,"column":16},"end":{"line":7,"column":182}},"10":{"start":{"line":5,"column":54},"end":{"line":7,"column":181}},"11":{"start":{"line":5,"column":79},"end":{"line":7,"column":179}},"12":{"start":{"line":11,"column":0},"end":{"line":11,"column":9}},"13":{"start":{"line":11,"column":10},"end":{"line":11,"column":37}}},"fnMap":{"0":{"name":"withStore","decl":{"start":{"line":5,"column":25},"end":{"line":5,"column":34}},"loc":{"start":{"line":5,"column":53},"end":{"line":7,"column":182}},"line":5},"1":{"name":"(anonymous_1)","decl":{"start":{"line":5,"column":61},"end":{"line":5,"column":62}},"loc":{"start":{"line":5,"column":78},"end":{"line":7,"column":180}},"line":5}},"branchMap":{},"s":{"0":1,"1":1,"2":1,"3":1,"4":1,"5":1,"6":1,"7":1,"8":1,"9":1,"10":1,"11":4,"12":1,"13":1},"f":{"0":1,"1":4},"b":{},"inputSourceMap":null,"_coverageSchema":"1a1c01bbd47fc00a2c39e90264f33305004495a9","hash":"6e01e442e4f46f0509f414fff6c5f12d992fdd9b"}
,"/Users/douglaswalker/dev/inchecksoftware/IncheckSoftware/src/screens/home/Home.js": {"path":"/Users/douglaswalker/dev/inchecksoftware/IncheckSoftware/src/screens/home/Home.js","statementMap":{"0":{"start":{"line":1,"column":42},"end":{"line":1,"column":97}},"1":{"start":{"line":1,"column":98},"end":{"line":1,"column":160}},"2":{"start":{"line":1,"column":160},"end":{"line":1,"column":185}},"3":{"start":{"line":9,"column":13},"end":{"line":9,"column":53}},"4":{"start":{"line":10,"column":19},"end":{"line":10,"column":42}},"5":{"start":{"line":17,"column":29},"end":{"line":17,"column":63}},"6":{"start":{"line":17,"column":76},"end":{"line":17,"column":80}},"7":{"start":{"line":17,"column":96},"end":{"line":17,"column":179}},"8":{"start":{"line":19,"column":11},"end":{"line":47,"column":1}},"9":{"start":{"line":20,"column":2},"end":{"line":41,"column":117}},"10":{"start":{"line":27,"column":8},"end":{"line":33,"column":46}},"11":{"start":{"line":49,"column":13},"end":{"line":52,"column":29}},"12":{"start":{"line":56,"column":0},"end":{"line":56,"column":4}},"13":{"start":{"line":56,"column":5},"end":{"line":56,"column":32}}},"fnMap":{"0":{"name":"Home","decl":{"start":{"line":19,"column":20},"end":{"line":19,"column":24}},"loc":{"start":{"line":19,"column":32},"end":{"line":47,"column":1}},"line":19},"1":{"name":"onPress","decl":{"start":{"line":26,"column":24},"end":{"line":26,"column":31}},"loc":{"start":{"line":26,"column":34},"end":{"line":39,"column":7}},"line":26}},"branchMap":{},"s":{"0":1,"1":1,"2":1,"3":1,"4":1,"5":1,"6":1,"7":1,"8":1,"9":1,"10":0,"11":1,"12":1,"13":1},"f":{"0":1,"1":0},"b":{},"inputSourceMap":null,"_coverageSchema":"1a1c01bbd47fc00a2c39e90264f33305004495a9","hash":"a89065aa4caa9c1d20b7154f1ba65cea7f7dfb63"}
,"/Users/douglaswalker/dev/inchecksoftware/IncheckSoftware/src/screens/settings/Settings.js": {"path":"/Users/douglaswalker/dev/inchecksoftware/IncheckSoftware/src/screens/settings/Settings.js","statementMap":{"0":{"start":{"line":1,"column":42},"end":{"line":1,"column":97}},"1":{"start":{"line":1,"column":98},"end":{"line":1,"column":160}},"2":{"start":{"line":1,"column":160},"end":{"line":1,"column":185}},"3":{"start":{"line":9,"column":13},"end":{"line":9,"column":53}},"4":{"start":{"line":10,"column":19},"end":{"line":10,"column":42}},"5":{"start":{"line":19,"column":18},"end":{"line":19,"column":40}},"6":{"start":{"line":20,"column":13},"end":{"line":20,"column":29}},"7":{"start":{"line":21,"column":13},"end":{"line":21,"column":59}},"8":{"start":{"line":22,"column":11},"end":{"line":22,"column":31}},"9":{"start":{"line":22,"column":44},"end":{"line":22,"column":48}},"10":{"start":{"line":22,"column":64},"end":{"line":22,"column":155}},"11":{"start":{"line":24,"column":15},"end":{"line":47,"column":1}},"12":{"start":{"line":25,"column":2},"end":{"line":40,"column":118}},"13":{"start":{"line":33,"column":35},"end":{"line":33,"column":89}},"14":{"start":{"line":38,"column":35},"end":{"line":38,"column":89}},"15":{"start":{"line":49,"column":13},"end":{"line":52,"column":29}},"16":{"start":{"line":56,"column":22},"end":{"line":57,"column":22}},"17":{"start":{"line":56,"column":55},"end":{"line":57,"column":21}},"18":{"start":{"line":60,"column":25},"end":{"line":60,"column":75}},"19":{"start":{"line":60,"column":64},"end":{"line":60,"column":74}},"20":{"start":{"line":62,"column":16},"end":{"line":64,"column":62}},"21":{"start":{"line":67,"column":0},"end":{"line":67,"column":19}},"22":{"start":{"line":67,"column":20},"end":{"line":67,"column":47}}},"fnMap":{"0":{"name":"Settings","decl":{"start":{"line":24,"column":24},"end":{"line":24,"column":32}},"loc":{"start":{"line":24,"column":40},"end":{"line":47,"column":1}},"line":24},"1":{"name":"onPress","decl":{"start":{"line":33,"column":24},"end":{"line":33,"column":31}},"loc":{"start":{"line":33,"column":34},"end":{"line":33,"column":90}},"line":33},"2":{"name":"onPress","decl":{"start":{"line":38,"column":24},"end":{"line":38,"column":31}},"loc":{"start":{"line":38,"column":34},"end":{"line":38,"column":90}},"line":38},"3":{"name":"mapStateToProps","decl":{"start":{"line":56,"column":31},"end":{"line":56,"column":46}},"loc":{"start":{"line":56,"column":54},"end":{"line":57,"column":22}},"line":56},"4":{"name":"mapDispatchToProps","decl":{"start":{"line":60,"column":34},"end":{"line":60,"column":52}},"loc":{"start":{"line":60,"column":63},"end":{"line":60,"column":75}},"line":60}},"branchMap":{},"s":{"0":1,"1":1,"2":1,"3":1,"4":1,"5":1,"6":1,"7":1,"8":1,"9":1,"10":1,"11":1,"12":28,"13":3,"14":4,"15":1,"16":1,"17":28,"18":1,"19":4,"20":1,"21":1,"22":1},"f":{"0":28,"1":3,"2":4,"3":28,"4":4},"b":{},"inputSourceMap":null,"_coverageSchema":"1a1c01bbd47fc00a2c39e90264f33305004495a9","hash":"d09b9c5d6885fcc3fcefa96b6e4c66c579434892"}
,"/Users/douglaswalker/dev/inchecksoftware/IncheckSoftware/src/store/index.js": {"path":"/Users/douglaswalker/dev/inchecksoftware/IncheckSoftware/src/store/index.js","statementMap":{"0":{"start":{"line":1,"column":42},"end":{"line":1,"column":97}},"1":{"start":{"line":1,"column":98},"end":{"line":1,"column":160}},"2":{"start":{"line":1,"column":160},"end":{"line":1,"column":185}},"3":{"start":{"line":1,"column":198},"end":{"line":1,"column":214}},"4":{"start":{"line":2,"column":16},"end":{"line":2,"column":61}},"5":{"start":{"line":4,"column":12},"end":{"line":4,"column":54}},"6":{"start":{"line":6,"column":0},"end":{"line":6,"column":5}},"7":{"start":{"line":6,"column":6},"end":{"line":6,"column":33}}},"fnMap":{},"branchMap":{},"s":{"0":1,"1":1,"2":1,"3":1,"4":1,"5":1,"6":1,"7":1},"f":{},"b":{},"inputSourceMap":null,"_coverageSchema":"1a1c01bbd47fc00a2c39e90264f33305004495a9","hash":"a48effaa7200ee388e80fa79137a10530c45c078"}
,"/Users/douglaswalker/dev/inchecksoftware/IncheckSoftware/src/store/reducers/index.js": {"path":"/Users/douglaswalker/dev/inchecksoftware/IncheckSoftware/src/store/reducers/index.js","statementMap":{"0":{"start":{"line":1,"column":13},"end":{"line":1,"column":75}},"1":{"start":{"line":1,"column":75},"end":{"line":1,"column":100}},"2":{"start":{"line":1,"column":136},"end":{"line":1,"column":205}},"3":{"start":{"line":1,"column":219},"end":{"line":1,"column":266}},"4":{"start":{"line":2,"column":2},"end":{"line":8,"column":20}},"5":{"start":{"line":4,"column":6},"end":{"line":4,"column":23}},"6":{"start":{"line":6,"column":6},"end":{"line":6,"column":23}},"7":{"start":{"line":8,"column":6},"end":{"line":8,"column":19}},"8":{"start":{"line":12,"column":0},"end":{"line":12,"column":11}},"9":{"start":{"line":12,"column":12},"end":{"line":12,"column":39}}},"fnMap":{"0":{"name":"rootReducer","decl":{"start":{"line":1,"column":109},"end":{"line":1,"column":120}},"loc":{"start":{"line":1,"column":123},"end":{"line":10,"column":1}},"line":1}},"branchMap":{"0":{"loc":{"start":{"line":1,"column":136},"end":{"line":1,"column":205}},"type":"cond-expr","locations":[{"start":{"line":1,"column":189},"end":{"line":1,"column":201}},{"start":{"line":1,"column":204},"end":{"line":1,"column":205}}],"line":1},"1":{"loc":{"start":{"line":1,"column":136},"end":{"line":1,"column":186}},"type":"binary-expr","locations":[{"start":{"line":1,"column":136},"end":{"line":1,"column":156}},{"start":{"line":1,"column":160},"end":{"line":1,"column":186}}],"line":1},"2":{"loc":{"start":{"line":1,"column":219},"end":{"line":1,"column":266}},"type":"cond-expr","locations":[{"start":{"line":1,"column":242},"end":{"line":1,"column":254}},{"start":{"line":1,"column":257},"end":{"line":1,"column":266}}],"line":1},"3":{"loc":{"start":{"line":2,"column":2},"end":{"line":8,"column":20}},"type":"switch","locations":[{"start":{"line":3,"column":4},"end":{"line":4,"column":23}},{"start":{"line":5,"column":4},"end":{"line":6,"column":23}},{"start":{"line":7,"column":4},"end":{"line":8,"column":19}}],"line":2}},"s":{"0":1,"1":1,"2":8,"3":8,"4":8,"5":3,"6":4,"7":1,"8":1,"9":1},"f":{"0":8},"b":{"0":[7,1],"1":[8,8],"2":[8,0],"3":[3,4,1]},"inputSourceMap":null,"_coverageSchema":"1a1c01bbd47fc00a2c39e90264f33305004495a9","hash":"1722abc35063664f324214e7f83460cc95d984dc"}
}
