TN:
SF:src/hoc/index.js
FN:1,get
FNF:1
FNH:1
FNDA:1,get
DA:1,1
LF:1
LH:1
BRF:0
BRH:0
end_of_record
TN:
SF:src/hoc/withStore.js
FN:5,withStore
FN:5,(anonymous_1)
FNF:2
FNH:2
FNDA:1,withStore
FNDA:4,(anonymous_1)
DA:1,1
DA:2,1
DA:3,1
DA:5,4
DA:11,1
LF:5
LH:5
BRF:0
BRH:0
end_of_record
TN:
SF:src/screens/home/Home.js
FN:19,Home
FN:26,onPress
FNF:2
FNH:1
FNDA:1,Home
FNDA:0,onPress
DA:1,1
DA:9,1
DA:10,1
DA:17,1
DA:19,1
DA:20,1
DA:27,0
DA:49,1
DA:56,1
LF:9
LH:8
BRF:0
BRH:0
end_of_record
TN:
SF:src/screens/settings/Settings.js
FN:24,Settings
FN:33,onPress
FN:38,onPress
FN:56,mapStateToProps
FN:60,mapDispatchToProps
FNF:5
FNH:5
FNDA:28,Settings
FNDA:3,onPress
FNDA:4,onPress
FNDA:28,mapStateToProps
FNDA:4,mapDispatchToProps
DA:1,1
DA:9,1
DA:10,1
DA:19,1
DA:20,1
DA:21,1
DA:22,1
DA:24,1
DA:25,28
DA:33,3
DA:38,4
DA:49,1
DA:56,28
DA:60,4
DA:62,1
DA:67,1
LF:16
LH:16
BRF:0
BRH:0
end_of_record
TN:
SF:src/store/index.js
FNF:0
FNH:0
DA:1,1
DA:2,1
DA:4,1
DA:6,1
LF:4
LH:4
BRF:0
BRH:0
end_of_record
TN:
SF:src/store/reducers/index.js
FN:1,rootReducer
FNF:1
FNH:1
FNDA:8,rootReducer
DA:1,8
DA:2,8
DA:4,3
DA:6,4
DA:8,1
DA:12,1
LF:6
LH:6
BRDA:1,0,0,7
BRDA:1,0,1,1
BRDA:1,1,0,8
BRDA:1,1,1,8
BRDA:1,2,0,8
BRDA:1,2,1,0
BRDA:2,3,0,3
BRDA:2,3,1,4
BRDA:2,3,2,1
BRF:9
BRH:8
end_of_record
